2022-08-19 07:43:50,338 - __main__ - INFO - Token value: kA0jTFsw60
2022-08-19 07:43:50,338 - __main__ - INFO - a is equal to b
2022-08-19 08:09:44,996 - __main__ - INFO - Token value: None
2022-08-19 08:09:45,105 - __main__ - INFO - User name: mojombo
2022-08-19 08:09:45,106 - __main__ - INFO - a is equal to b
2022-08-22 02:18:40,264 - __main__ - INFO - Token value: None
2022-08-22 02:18:40,485 - __main__ - INFO - User name: mojombo
2022-08-22 02:18:40,485 - __main__ - INFO - a is equal to b
2022-08-29 02:34:08,516 - __main__ - INFO - Token value: None
2022-08-29 02:34:08,650 - __main__ - INFO - User name: mojombo
2022-08-29 02:34:08,650 - __main__ - INFO - a is equal to b
2022-09-05 02:34:05,675 - __main__ - INFO - Token value: None
2022-09-05 02:34:05,903 - __main__ - INFO - User name: mojombo
2022-09-05 02:34:05,903 - __main__ - INFO - a is equal to b
2022-09-12 02:42:30,411 - __main__ - INFO - Token value: None
2022-09-12 02:42:30,946 - __main__ - INFO - User name: mojombo
2022-09-12 02:42:30,946 - __main__ - INFO - a is equal to b
2022-09-15 11:46:06,423 - __main__ - INFO - Token value: None
2022-09-15 11:46:06,423 - __main__ - INFO - Done!
2022-09-19 02:44:23,383 - __main__ - INFO - Token value: None
2022-09-19 02:44:23,383 - __main__ - INFO - Done!
2022-09-26 02:41:26,715 - __main__ - INFO - Token value: None
2022-09-26 02:41:26,715 - __main__ - INFO - Done!
2022-10-03 02:09:13,795 - __main__ - INFO - Token value: None
2022-10-03 02:09:13,795 - __main__ - INFO - Done!
2022-10-10 02:35:28,748 - __main__ - INFO - Token value: None
2022-10-10 02:35:28,748 - __main__ - INFO - Done!
